\BOOKMARK [1][-]{dummy.1}{\376\377\001\060\000\307\001\060\000N\000D\000E\000K\001\060\000L\000E\000R}{}% 1
\BOOKMARK [1][-]{dummy.2}{\376\377\000T\000A\000B\000L\000O\000L\000A\000R\000\040\000L\001\060\000S\000T\000E\000S\001\060}{}% 2
\BOOKMARK [1][-]{dummy.3}{\376\377\001\136\000E\000K\001\060\000L\000L\000E\000R\000\040\000L\001\060\000S\000T\000E\000S\001\060}{}% 3
\BOOKMARK [1][-]{dummy.4}{\376\377\000S\001\060\000M\000G\000E\000L\000E\000R\000\040\000v\000e\000\040\000K\000I\000S\000A\000L\000T\000M\000A\000L\000A\000R}{}% 4
\BOOKMARK [1][-]{section.5}{\376\377\0001\000.\000\040\000G\001\060\000R\001\060\001\136}{}% 5
\BOOKMARK [2][-]{subsection.6}{\376\377\0001\000.\0001\000.\000\040\000P\000r\000o\000b\000l\000e\000m\000\040\000T\000a\000n\001\061\000m\001\061}{section.5}% 6
\BOOKMARK [2][-]{subsection.7}{\376\377\0001\000.\0002\000.\000\040\000P\000r\000o\000j\000e\000\040\000A\000m\000a\000\347\000l\000a\000r\001\061}{section.5}% 7
\BOOKMARK [2][-]{subsection.8}{\376\377\0001\000.\0003\000.\000\040\000P\000r\000o\000j\000e\000\040\000K\000a\000p\000s\000a\000m\001\061}{section.5}% 8
\BOOKMARK [1][-]{section.9}{\376\377\0002\000.\000\040\000R\000E\000S\000T\000\040\000A\000P\000I\000\040\000G\000\334\000V\000E\000N\000L\001\060\001\036\001\060\000\040\000V\000E\000\040\000T\000E\000M\000E\000L\000\040\000K\000A\000V\000R\000A\000M\000L\000A\000R}{}% 9
\BOOKMARK [2][-]{subsection.10}{\376\377\0002\000.\0001\000.\000\040\000R\000E\000S\000T\000\040\000A\000P\000I\000\040\000M\000i\000m\000a\000r\000i\000s\000i}{section.9}% 10
\BOOKMARK [2][-]{subsection.11}{\376\377\0002\000.\0002\000.\000\040\000K\000i\000m\000l\000i\000k\000\040\000D\000o\001\037\000r\000u\000l\000a\000m\000a\000\040\000v\000e\000\040\000Y\000e\000t\000k\000i\000l\000e\000n\000d\000i\000r\000m\000e}{section.9}% 11
\BOOKMARK [2][-]{subsection.12}{\376\377\0002\000.\0003\000.\000\040\000O\000W\000A\000S\000P\000\040\000A\000P\000I\000\040\000S\000e\000c\000u\000r\000i\000t\000y\000\040\000T\000o\000p\000\040\0001\0000}{section.9}% 12
\BOOKMARK [2][-]{subsection.13}{\376\377\0002\000.\0004\000.\000\040\000S\000a\000v\000u\000n\000m\000a\000\040\000M\000e\000k\000a\000n\000i\000z\000m\000a\000l\000a\000r\001\061}{section.9}% 13
\BOOKMARK [1][-]{section.14}{\376\377\0003\000.\000\040\000L\001\060\000T\000E\000R\000A\000T\000\334\000R\000\040\000A\000R\000A\001\136\000T\000I\000R\000M\000A\000S\000I\000\040\000V\000E\000\040\000B\000E\000N\000Z\000E\000R\000\040\000S\001\060\000S\000T\000E\000M\000L\000E\000R}{}% 14
\BOOKMARK [2][-]{subsection.15}{\376\377\0003\000.\0001\000.\000\040\000M\000e\000v\000c\000u\000t\000\040\000E\001\037\000i\000t\000i\000m\000\040\000P\000l\000a\000t\000f\000o\000r\000m\000l\000a\000r\001\061}{section.14}% 15
\BOOKMARK [2][-]{subsection.16}{\376\377\0003\000.\0002\000.\000\040\000A\000k\000a\000d\000e\000m\000i\000k\000\040\000\307\000a\000l\001\061\001\137\000m\000a\000l\000a\000r}{section.14}% 16
\BOOKMARK [2][-]{subsection.17}{\376\377\0003\000.\0003\000.\000\040\000A\000P\000I\000\040\000F\000o\000r\000t\000r\000e\000s\000s\000'\000i\000n\000\040\000F\000a\000r\000k\000l\001\061\000l\000a\001\137\000t\001\061\001\037\001\061\000\040\000N\000o\000k\000t\000a\000l\000a\000r}{section.14}% 17
\BOOKMARK [1][-]{section.18}{\376\377\0004\000.\000\040\000S\001\060\000S\000T\000E\000M\000\040\000G\000E\000R\000E\000K\000S\001\060\000N\001\060\000M\000L\000E\000R\001\060}{}% 18
\BOOKMARK [2][-]{subsection.19}{\376\377\0004\000.\0001\000.\000\040\000F\000o\000n\000k\000s\000i\000y\000o\000n\000e\000l\000\040\000G\000e\000r\000e\000k\000s\000i\000n\000i\000m\000l\000e\000r}{section.18}% 19
\BOOKMARK [2][-]{subsection.21}{\376\377\0004\000.\0002\000.\000\040\000G\000\374\000v\000e\000n\000l\000i\000k\000\040\000G\000e\000r\000e\000k\000s\000i\000n\000i\000m\000l\000e\000r\000i}{section.18}% 20
\BOOKMARK [3][-]{subsubsection.24}{\376\377\0004\000.\0002\000.\0001\000.\000\040\000B\000c\000r\000y\000p\000t\000\040\000a\000l\000g\000o\000r\000i\000t\000m\000a\000s\001\061\000\040\000a\000y\000n\001\061\000\040\000z\000a\000m\000a\000n\000d\000a\000:}{subsection.21}% 21
\BOOKMARK [3][-]{subsubsection.25}{\376\377\0004\000.\0002\000.\0002\000.\000\040\000P\000r\000o\000j\000e\000d\000e\000\040\000t\000e\000m\000e\000l\000\040\000o\000l\000a\000r\000a\000k\000\040\000i\000k\000i\000\040\000f\000a\000r\000k\000l\001\061\000\040\000r\000o\000l\000\040\000b\000u\000l\000u\000n\000m\000a\000k\000t\000a\000d\001\061\000r\000:}{subsection.21}% 22
\BOOKMARK [3][-]{subsubsection.26}{\376\377\0004\000.\0002\000.\0003\000.\000\040\000R\000B\000A\000C\000\040\000s\000i\000s\000t\000e\000m\000i\000n\000i\000n\000\040\000t\000e\000m\000e\000l\000\040\000a\000m\000a\000c\001\061\000:}{subsection.21}% 23
\BOOKMARK [2][-]{subsection.27}{\376\377\0004\000.\0003\000.\000\040\000T\000e\000k\000n\000i\000k\000\040\000G\000e\000r\000e\000k\000s\000i\000n\000i\000m\000l\000e\000r}{section.18}% 24
\BOOKMARK [3][-]{subsubsection.28}{\376\377\0004\000.\0003\000.\0001\000.\000\040\000O\000R\000M\000\040\000k\000u\000l\000l\000a\000n\001\061\000m\001\061\000n\001\061\000n\000\040\000s\000a\001\037\000l\000a\000d\001\061\001\037\001\061\000\040\000t\000e\000m\000e\000l\000\040\000a\000v\000a\000n\000t\000a\000j\000l\000a\000r\000\040\001\137\000u\000n\000l\000a\000r\000d\001\061\000r\000:}{subsection.27}% 25
\BOOKMARK [3][-]{subsubsection.31}{\376\377\0004\000.\0003\000.\0002\000.\000\040\000B\000u\000\040\000y\000a\000k\000l\000a\001\137\001\061\000m\001\061\000n\000\040\000t\000e\000m\000e\000l\000\040\000a\000v\000a\000n\000t\000a\000j\000l\000a\000r\001\061\000\040\001\137\000u\000n\000l\000a\000r\000d\001\061\000r\000:}{subsection.27}% 26
\BOOKMARK [1][-]{section.32}{\376\377\0005\000.\000\040\000S\001\060\000S\000T\000E\000M\000\040\000T\000A\000S\000A\000R\000I\000M\000I\000\040\000V\000E\000\040\000Y\000A\000Z\000I\000L\000I\000M\000\040\000M\001\060\000M\000A\000R\001\060\000S\001\060}{}% 27
\BOOKMARK [2][-]{subsection.33}{\376\377\0005\000.\0001\000.\000\040\000G\000e\000n\000e\000l\000\040\000M\000i\000m\000a\000r\000i}{section.32}% 28
\BOOKMARK [3][-]{subsubsection.34}{\376\377\0005\000.\0001\000.\0001\000.\000\040\000S\000i\000s\000t\000e\000m\000\040\000t\000e\000m\000e\000l\000\040\000o\000l\000a\000r\000a\000k\000\040\000\374\000\347\000\040\000a\000n\000a\000\040\000k\000a\000t\000m\000a\000n\000d\000a\000n\000\040\000o\000l\000u\001\137\000m\000a\000k\000t\000a\000d\001\061\000r\000:}{subsection.33}% 29
\BOOKMARK [3][-]{subsubsection.35}{\376\377\0005\000.\0001\000.\0002\000.\000\040\001\060\000s\000t\000e\000m\000c\000i\000\040\000K\000a\000t\000m\000a\000n\001\061}{subsection.33}% 30
\BOOKMARK [3][-]{subsubsection.36}{\376\377\0005\000.\0001\000.\0003\000.\000\040\000F\000l\000a\000s\000k\000\040\000A\000P\000I\000\040\000K\000a\000t\000m\000a\000n\001\061}{subsection.33}% 31
\BOOKMARK [3][-]{subsubsection.37}{\376\377\0005\000.\0001\000.\0004\000.\000\040\000F\000l\000a\000s\000k\000\040\000A\000P\000I\000\040\000k\000a\000t\000m\000a\000n\001\061\000n\001\061\000n\000\040\000t\000e\000m\000e\000l\000\040\000g\000\366\000r\000e\000v\000l\000e\000r\000i\000\040\001\137\000u\000n\000l\000a\000r\000d\001\061\000r\000:}{subsection.33}% 32
\BOOKMARK [3][-]{subsubsection.38}{\376\377\0005\000.\0001\000.\0005\000.\000\040\000G\000\374\000v\000e\000n\000l\000i\000k\000\040\000K\000a\000t\000m\000a\000n\001\061}{subsection.33}% 33
\BOOKMARK [3][-]{subsubsection.39}{\376\377\0005\000.\0001\000.\0006\000.\000\040\000J\000W\000T\000\040\000A\000u\000t\000h\000e\000n\000t\000i\000c\000a\000t\000i\000o\000n}{subsection.33}% 34
\BOOKMARK [3][-]{subsubsection.40}{\376\377\0005\000.\0001\000.\0007\000.\000\040\000B\000u\000\040\000y\000a\000p\001\061\000\040\000s\000a\000y\000e\000s\000i\000n\000d\000e\000:}{subsection.33}% 35
\BOOKMARK [3][-]{subsubsection.41}{\376\377\0005\000.\0001\000.\0008\000.\000\040\000R\000B\000A\000C\000\040\000\050\000R\000o\000l\000e\000-\000B\000a\000s\000e\000d\000\040\000A\000c\000c\000e\000s\000s\000\040\000C\000o\000n\000t\000r\000o\000l\000\051}{subsection.33}% 36
\BOOKMARK [3][-]{subsubsection.42}{\376\377\0005\000.\0001\000.\0009\000.\000\040\000\326\000r\000n\000e\001\037\000i\000n\000:}{subsection.33}% 37
\BOOKMARK [3][-]{subsubsection.43}{\376\377\0005\000.\0001\000.\0001\0000\000.\000\040\000R\000a\000t\000e\000\040\000L\000i\000m\000i\000t\000i\000n\000g}{subsection.33}% 38
\BOOKMARK [3][-]{subsubsection.44}{\376\377\0005\000.\0001\000.\0001\0001\000.\000\040\000W\000A\000F\000\040\000\050\000W\000e\000b\000\040\000A\000p\000p\000l\000i\000c\000a\000t\000i\000o\000n\000\040\000F\000i\000r\000e\000w\000a\000l\000l\000\051}{subsection.33}% 39
\BOOKMARK [3][-]{subsubsection.45}{\376\377\0005\000.\0001\000.\0001\0002\000.\000\040\000\326\000r\000n\000e\001\037\000i\000n\000:}{subsection.33}% 40
\BOOKMARK [3][-]{subsubsection.46}{\376\377\0005\000.\0001\000.\0001\0003\000.\000\040\000V\000e\000r\000i\000t\000a\000b\000a\000n\001\061\000\040\000K\000a\000t\000m\000a\000n\001\061}{subsection.33}% 41
\BOOKMARK [3][-]{subsubsection.47}{\376\377\0005\000.\0001\000.\0001\0004\000.\000\040\000\326\000r\000n\000e\001\037\000i\000n\000:}{subsection.33}% 42
\BOOKMARK [3][-]{subsubsection.48}{\376\377\0005\000.\0001\000.\0001\0005\000.\000\040\000B\000u\000\040\000y\000a\000k\000l\000a\001\137\001\061\000m\000:}{subsection.33}% 43
\BOOKMARK [3][-]{subsubsection.49}{\376\377\0005\000.\0001\000.\0001\0006\000.\000\040\000R\000E\000S\000T\000\040\000A\000P\000I\000\040\001\060\000l\000e\000t\000i\001\137\000i\000m\000\040\000Y\000a\000p\001\061\000s\001\061}{subsection.33}% 44
\BOOKMARK [3][-]{subsubsection.51}{\376\377\0005\000.\0001\000.\0001\0007\000.\000\040\000D\000o\000c\000k\000e\000r\000\040\000T\000a\000b\000a\000n\000l\001\061\000\040\000\307\000a\000l\001\061\001\137\000m\000a\000\040\000O\000r\000t\000a\000m\001\061}{subsection.33}% 45
\BOOKMARK [3][-]{subsubsection.52}{\376\377\0005\000.\0001\000.\0001\0008\000.\000\040\000D\000o\000c\000k\000e\000r\000\040\000m\000i\000m\000a\000r\000i\000s\000i\000\040\000s\000a\000y\000e\000s\000i\000n\000d\000e\000:}{subsection.33}% 46
\BOOKMARK [2][-]{subsection.53}{\376\377\0005\000.\0002\000.\000\040\000M\000o\000d\000\374\000l\000e\000r\000\040\000B\000a\000c\000k\000e\000n\000d\000\040\000Y\000a\000p\001\061\000s\001\061}{section.32}% 47
\BOOKMARK [3][-]{subsubsection.54}{\376\377\0005\000.\0002\000.\0001\000.\000\040\000i\000n\000s\000e\000c\000u\000r\000e\000\137\000a\000p\000i\000\040\000K\000l\000a\000s\000\366\000r\000\374}{subsection.53}% 48
\BOOKMARK [3][-]{subsubsection.55}{\376\377\0005\000.\0002\000.\0002\000.\000\040\000s\000e\000c\000u\000r\000e\000\137\000a\000p\000i\000\040\000K\000l\000a\000s\000\366\000r\000\374}{subsection.53}% 49
\BOOKMARK [3][-]{subsubsection.56}{\376\377\0005\000.\0002\000.\0003\000.\000\040\000c\000o\000m\000m\000o\000n\000\040\000K\000l\000a\000s\000\366\000r\000\374}{subsection.53}% 50
\BOOKMARK [3][-]{subsubsection.57}{\376\377\0005\000.\0002\000.\0004\000.\000\040\000d\000o\000c\000k\000e\000r\000-\000c\000o\000m\000p\000o\000s\000e\000.\000y\000m\000l\000\040\000D\000o\000s\000y\000a\000s\001\061}{subsection.53}% 51
\BOOKMARK [3][-]{subsubsection.58}{\376\377\0005\000.\0002\000.\0005\000.\000\040\000r\000e\000q\000u\000i\000r\000e\000m\000e\000n\000t\000s\000.\000t\000x\000t\000\040\000D\000o\000s\000y\000a\000s\001\061}{subsection.53}% 52
\BOOKMARK [3][-]{subsubsection.61}{\376\377\0005\000.\0002\000.\0006\000.\000\040\000B\000l\000u\000e\000p\000r\000i\000n\000t\000\040\000M\000i\000m\000a\000r\000i\000s\000i}{subsection.53}% 53
\BOOKMARK [2][-]{subsection.62}{\376\377\0005\000.\0003\000.\000\040\000V\000e\000r\000i\000t\000a\000b\000a\000n\001\061\000\040\000T\000a\000s\000a\000r\001\061\000m\001\061}{section.32}% 54
\BOOKMARK [2][-]{subsection.64}{\376\377\0005\000.\0004\000.\000\040\000R\000E\000S\000T\000\040\000A\000P\000I\000\040\000E\000n\000d\000p\000o\000i\000n\000t\000\040\000Y\000a\000p\001\061\000s\001\061}{section.32}% 55
\BOOKMARK [1][-]{section.66}{\376\377\0006\000.\000\040\000G\000\334\000V\000E\000N\000S\001\060\000Z\000\040\000A\000P\000I\000\040\000O\000R\000T\000A\000M\000I\000\040\000V\000E\000\040\000Z\000A\000F\001\060\000Y\000E\000T\000\040\000S\000E\000N\000A\000R\000Y\000O\000L\000A\000R\000I}{}% 56
\BOOKMARK [2][-]{subsection.67}{\376\377\0006\000.\0001\000.\000\040\000M\000a\000s\000s\000\040\000A\000s\000s\000i\000g\000n\000m\000e\000n\000t}{section.66}% 57
\BOOKMARK [3][-]{subsubsection.95}{\376\377\0006\000.\0001\000.\0001\000.\000\040\000B\000u\000\040\000z\000a\000f\000i\000y\000e\000t\000\040\000\366\000z\000e\000l\000l\000i\000k\000l\000e\000:}{subsection.67}% 58
\BOOKMARK [3][-]{subsubsection.96}{\376\377\0006\000.\0001\000.\0002\000.\000\040\000B\000u\000\040\000s\000e\000n\000a\000r\000y\000o\000\040\000s\000a\000y\000e\000s\000i\000n\000d\000e\000\040\000k\000u\000l\000l\000a\000n\001\061\000c\001\061\000l\000a\000r\000:}{subsection.67}% 59
\BOOKMARK [2][-]{subsection.97}{\376\377\0006\000.\0002\000.\000\040\000B\000r\000o\000k\000e\000n\000\040\000A\000u\000t\000h\000e\000n\000t\000i\000c\000a\000t\000i\000o\000n}{section.66}% 60
\BOOKMARK [3][-]{subsubsection.114}{\376\377\0006\000.\0002\000.\0001\000.\000\040\000B\000u\000\040\000y\000a\000p\001\061\000\040\000g\000e\000r\000\347\000e\000k\000\040\000s\000i\000s\000t\000e\000m\000l\000e\000r\000d\000e\000\040\000z\000a\000m\000a\000n\000\040\000z\000a\000m\000a\000n\000:}{subsection.97}% 61
\BOOKMARK [3][-]{subsubsection.115}{\376\377\0006\000.\0002\000.\0002\000.\000\040\000B\000u\000\040\000z\000a\000f\000i\000y\000e\000t\000i\000n\000\040\000t\000e\000m\000e\000l\000\040\000a\000m\000a\000c\001\061\000:}{subsection.97}% 62
\BOOKMARK [3][-]{subsubsection.116}{\376\377\0006\000.\0002\000.\0003\000.\000\040\000B\000r\000o\000k\000e\000n\000\040\000A\000u\000t\000h\000e\000n\000t\000i\000c\000a\000t\000i\000o\000n\000\040\000p\000r\000o\000b\000l\000e\000m\000l\000e\000r\000i\000\040\000\366\000z\000e\000l\000l\000i\000k\000l\000e\000:}{subsection.97}% 63
\BOOKMARK [2][-]{subsection.117}{\376\377\0006\000.\0003\000.\000\040\000I\000D\000O\000R\000\040\000/\000\040\000B\000O\000L\000A}{section.66}% 64
\BOOKMARK [3][-]{subsubsection.131}{\376\377\0006\000.\0003\000.\0001\000.\000\040\000B\000u\000\040\000e\000n\000d\000p\000o\000i\000n\000t\000\040\000\374\000z\000e\000r\000i\000n\000d\000e\000:}{subsection.117}% 65
\BOOKMARK [3][-]{subsubsection.132}{\376\377\0006\000.\0003\000.\0002\000.\000\040\000B\000u\000\040\000s\000a\000l\000d\001\061\000r\001\061\000\040\000t\000i\000p\000i\000\040\000\366\000z\000e\000l\000l\000i\000k\000l\000e\000:}{subsection.117}% 66
\BOOKMARK [3][-]{subsubsection.133}{\376\377\0006\000.\0003\000.\0003\000.\000\040\000B\000u\000\040\000s\000e\000n\000a\000r\000y\000o\000\040\000s\000a\000y\000e\000s\000i\000n\000d\000e\000\040\000k\000u\000l\000l\000a\000n\001\061\000c\001\061\000l\000a\000r\000:}{subsection.117}% 67
\BOOKMARK [2][-]{subsection.134}{\376\377\0006\000.\0004\000.\000\040\000B\000r\000o\000k\000e\000n\000\040\000F\000u\000n\000c\000t\000i\000o\000n\000\040\000L\000e\000v\000e\000l\000\040\000A\000u\000t\000h\000o\000r\000i\000z\000a\000t\000i\000o\000n}{section.66}% 68
\BOOKMARK [3][-]{subsubsection.135}{\376\377\0006\000.\0004\000.\0001\000.\000\040\000B\000u\000\040\000p\000r\000o\000b\000l\000e\000m\000\040\000g\000e\000n\000e\000l\000l\000i\000k\000l\000e\000:}{subsection.134}% 69
\BOOKMARK [3][-]{subsubsection.154}{\376\377\0006\000.\0004\000.\0002\000.\000\040\000B\000u\000\040\000e\000n\000d\000p\000o\000i\000n\000t\000\040\000\374\000z\000e\000r\000i\000n\000d\000e\000:}{subsection.134}% 70
\BOOKMARK [3][-]{subsubsection.155}{\376\377\0006\000.\0004\000.\0003\000.\000\040\000B\000u\000\040\000s\000e\000n\000a\000r\000y\000o\000\040\000s\000a\000y\000e\000s\000i\000n\000d\000e\000\040\000k\000u\000l\000l\000a\000n\001\061\000c\001\061\000l\000a\000r\000:}{subsection.134}% 71
\BOOKMARK [1][-]{section.156}{\376\377\0007\000.\000\040\000G\000\334\000V\000E\000N\000L\001\060\000\040\000A\000P\000I\000\040\000O\000R\000T\000A\000M\000I\000\040\000V\000E\000\040\000S\000A\000V\000U\000N\000M\000A\000\040\000M\000E\000K\000A\000N\001\060\000Z\000M\000A\000L\000A\000R\000I}{}% 72
\BOOKMARK [2][-]{subsection.157}{\376\377\0007\000.\0001\000.\000\040\000J\000W\000T\000\040\000T\000a\000b\000a\000n\000l\001\061\000\040\000K\000i\000m\000l\000i\000k\000\040\000D\000o\001\037\000r\000u\000l\000a\000m\000a}{section.156}% 73
\BOOKMARK [3][-]{subsubsection.160}{\376\377\0007\000.\0001\000.\0001\000.\000\040\000J\000W\000T\000\040\000d\000o\001\037\000r\000u\000l\000a\000m\000a\000\040\000m\000e\000k\000a\000n\000i\000z\000m\000a\000s\001\061\000\040\000s\000a\000y\000e\000s\000i\000n\000d\000e\000:}{subsection.157}% 74
\BOOKMARK [3][-]{subsubsection.161}{\376\377\0007\000.\0001\000.\0002\000.\000\040\000B\000u\000\040\000m\000e\000k\000a\000n\000i\000z\000m\000a\000\040\000\366\000z\000e\000l\000l\000i\000k\000l\000e\000:}{subsection.157}% 75
\BOOKMARK [2][-]{subsection.162}{\376\377\0007\000.\0002\000.\000\040\000R\000o\000l\000\040\000T\000a\000b\000a\000n\000l\001\061\000\040\000Y\000e\000t\000k\000i\000l\000e\000n\000d\000i\000r\000m\000e\000\040\000\050\000R\000B\000A\000C\000\051}{section.156}% 76
\BOOKMARK [3][-]{subsubsection.163}{\376\377\0007\000.\0002\000.\0001\000.\000\040\000\326\000r\000n\000e\001\037\000i\000n\000:}{subsection.162}% 77
\BOOKMARK [3][-]{subsubsection.164}{\376\377\0007\000.\0002\000.\0002\000.\000\040\000B\000u\000\040\000y\000a\000p\001\061\000\040\000\366\000z\000e\000l\000l\000i\000k\000l\000e\000:}{subsection.162}% 78
\BOOKMARK [3][-]{subsubsection.165}{\376\377\0007\000.\0002\000.\0003\000.\000\040\000B\000u\000\040\000y\000a\000p\001\061\000d\000a\000:}{subsection.162}% 79
\BOOKMARK [2][-]{subsection.168}{\376\377\0007\000.\0003\000.\000\040\000R\000a\000t\000e\000\040\000L\000i\000m\000i\000t\000i\000n\000g}{section.156}% 80
\BOOKMARK [3][-]{subsubsection.169}{\376\377\0007\000.\0003\000.\0001\000.\000\040\000R\000a\000t\000e\000\040\000l\000i\000m\000i\000t\000i\000n\000g\000\040\000m\000e\000k\000a\000n\000i\000z\000m\000a\000s\001\061\000n\001\061\000n\000\040\000t\000e\000m\000e\000l\000\040\000a\000m\000a\000c\001\061\000:}{subsection.168}% 81
\BOOKMARK [3][-]{subsubsection.174}{\376\377\0007\000.\0003\000.\0002\000.\000\040\000G\000e\000r\000\347\000e\000k\000\040\000d\000\374\000n\000y\000a\000\040\000s\000i\000s\000t\000e\000m\000l\000e\000r\000i\000n\000d\000e\000\040\000r\000a\000t\000e\000\040\000l\000i\000m\000i\000t\000i\000n\000g\000:}{subsection.168}% 82
\BOOKMARK [2][-]{subsection.175}{\376\377\0007\000.\0004\000.\000\040\000W\000e\000b\000\040\000A\000p\000p\000l\000i\000c\000a\000t\000i\000o\000n\000\040\000F\000i\000r\000e\000w\000a\000l\000l\000\040\000\050\000W\000A\000F\000\051}{section.156}% 83
\BOOKMARK [3][-]{subsubsection.176}{\376\377\0007\000.\0004\000.\0001\000.\000\040\000W\000A\000F\000\040\000s\000i\000s\000t\000e\000m\000i\000n\000i\000n\000\040\000t\000e\000m\000e\000l\000\040\000a\000m\000a\000c\001\061\000:}{subsection.175}% 84
\BOOKMARK [3][-]{subsubsection.179}{\376\377\0007\000.\0004\000.\0002\000.\000\040\000B\000u\000\040\000p\000a\000t\000t\000e\000r\000n\040\031\000l\000e\000r\000:}{subsection.175}% 85
\BOOKMARK [3][-]{subsubsection.187}{\376\377\0007\000.\0004\000.\0003\000.\000\040\000A\000m\000a\000\347\000:}{subsection.175}% 86
\BOOKMARK [2][-]{subsection.188}{\376\377\0007\000.\0005\000.\000\040\000G\000\374\000v\000e\000n\000l\000i\000\040\000P\000a\000r\000o\000l\000a\000\040\000H\000a\000s\000h\000l\000e\000m\000e\000\040\000v\000e\000\040\000I\000n\000p\000u\000t\000\040\000V\000a\000l\000i\000d\000a\000t\000i\000o\000n}{section.156}% 87
\BOOKMARK [3][-]{subsubsection.189}{\376\377\0007\000.\0005\000.\0001\000.\000\040\000B\000c\000r\000y\000p\000t\000\040\000a\000l\000g\000o\000r\000i\000t\000m\000a\000s\001\061\000n\001\061\000n\000\040\000k\000u\000l\000l\000a\000n\001\061\000l\000m\000a\000s\001\061\000n\001\061\000n\000\040\000t\000e\000m\000e\000l\000\040\000a\000m\000a\000c\001\061\000:}{subsection.188}% 88
\BOOKMARK [3][-]{subsubsection.192}{\376\377\0007\000.\0005\000.\0002\000.\000\040\000B\000u\000\040\000i\001\137\000l\000e\000m\000\040\000s\000o\000n\000u\000c\000u\000n\000d\000a\000:}{subsection.188}% 89
\BOOKMARK [3][-]{subsubsection.193}{\376\377\0007\000.\0005\000.\0003\000.\000\040\000B\000u\000\040\000y\000a\000p\001\061\000\040\000s\000a\000y\000e\000s\000i\000n\000d\000e\000:}{subsection.188}% 90
\BOOKMARK [3][-]{subsubsection.194}{\376\377\0007\000.\0005\000.\0004\000.\000\040\000\326\000r\000n\000e\001\037\000i\000n\000:}{subsection.188}% 91
\BOOKMARK [3][-]{subsubsection.195}{\376\377\0007\000.\0005\000.\0005\000.\000\040\000V\000a\000l\000i\000d\000a\000t\000i\000o\000n\000\040\000m\000e\000k\000a\000n\000i\000z\000m\000a\000s\001\061\000n\001\061\000n\000\040\000t\000e\000m\000e\000l\000\040\000a\000m\000a\000c\001\061\000:}{subsection.188}% 92
\BOOKMARK [3][-]{subsubsection.198}{\376\377\0007\000.\0005\000.\0006\000.\000\040\000B\000u\000\040\000y\000a\000k\000l\000a\001\137\001\061\000m\000:}{subsection.188}% 93
\BOOKMARK [1][-]{section.199}{\376\377\0008\000.\000\040\000U\000Y\000G\000U\000L\000A\000M\000A\000\040\000G\000E\000L\001\060\001\136\000T\001\060\000R\000M\000E\000\040\000S\000\334\000R\000E\000C\001\060}{}% 94
\BOOKMARK [2][-]{subsection.200}{\376\377\0008\000.\0001\000.\000\040\000G\000e\000l\000i\001\137\000t\000i\000r\000m\000e\000\040\000O\000r\000t\000a\000m\001\061}{section.199}% 95
\BOOKMARK [2][-]{subsection.202}{\376\377\0008\000.\0002\000.\000\040\000D\000o\000c\000k\000e\000r\000\040\000K\000o\000n\000t\000e\000y\000n\000e\000r\000\040\000Y\000a\000p\001\061\000s\001\061}{section.199}% 96
\BOOKMARK [2][-]{subsection.221}{\376\377\0008\000.\0003\000.\000\040\000K\000o\000d\000\040\000O\000r\000g\000a\000n\000i\000z\000a\000s\000y\000o\000n\000u}{section.199}% 97
\BOOKMARK [3][-]{subsubsection.222}{\376\377\0008\000.\0003\000.\0001\000.\000\040\000G\000\374\000v\000e\000n\000l\000i\000\040\000C\000O\000R\000S\000\040\000y\000a\000p\001\061\000l\000a\000n\000d\001\061\000r\000m\000a\000s\001\061\000n\001\061\000n\000\040\000a\000m\000a\000c\001\061\000\040\001\137\000u\000d\000u\000r\000:}{subsection.221}% 98
\BOOKMARK [1][-]{section.223}{\376\377\0009\000.\000\040\000T\000E\000S\000T\000\040\000S\000\334\000R\000E\000C\001\060\000\040\000V\000E\000\040\000C\000T\000F\000\040\000S\000E\000N\000A\000R\000Y\000O\000L\000A\000R\000I}{}% 99
\BOOKMARK [2][-]{subsection.224}{\376\377\0009\000.\0001\000.\000\040\000T\000e\000s\000t\000\040\000S\000t\000r\000a\000t\000e\000j\000i\000s\000i}{section.223}% 100
\BOOKMARK [3][-]{subsubsection.225}{\376\377\0009\000.\0001\000.\0001\000.\000\040\000T\000e\000s\000t\000\040\000s\000\374\000r\000e\000c\000i\000n\000d\000e\000\040\000\374\000\347\000\040\000t\000e\000m\000e\000l\000\040\000y\000\366\000n\000t\000e\000m\000\040\000k\000u\000l\000l\000a\000n\001\061\000l\000m\001\061\001\137\000t\001\061\000r\000:}{subsection.224}% 101
\BOOKMARK [3][-]{subsubsection.226}{\376\377\0009\000.\0001\000.\0002\000.\000\040\000V\000u\000l\000n\000e\000r\000a\000b\000l\000e\000\040\000A\000P\000I\000\040\000o\000r\000t\000a\000m\001\061\000n\000d\000a\000\040\000g\000e\000r\000\347\000e\000k\000l\000e\001\137\000t\000i\000r\000i\000l\000e\000n\000\040\000t\000e\000s\000t\000l\000e\000r\000d\000e\000:}{subsection.224}% 102
\BOOKMARK [3][-]{subsubsection.227}{\376\377\0009\000.\0001\000.\0003\000.\000\040\000S\000e\000c\000u\000r\000e\000\040\000A\000P\000I\000\040\000o\000r\000t\000a\000m\001\061\000n\000d\000a\000\040\000y\000a\000p\001\061\000l\000a\000n\000\040\000t\000e\000s\000t\000l\000e\000r\000d\000e\000\040\000i\000s\000e\000:}{subsection.224}% 103
\BOOKMARK [2][-]{subsection.228}{\376\377\0009\000.\0002\000.\000\040\000Z\000a\000f\000i\000y\000e\000t\000\040\000T\000e\000s\000t\000l\000e\000r\000i}{section.223}% 104
\BOOKMARK [2][-]{subsection.230}{\376\377\0009\000.\0003\000.\000\040\000T\000e\000s\000t\000\040\000S\000o\000n\000u\000\347\000l\000a\000r\001\061}{section.223}% 105
\BOOKMARK [1][-]{section.231}{\376\377\0001\0000\000.\000\040\000S\000O\000N\000U\000\307\000L\000A\000R\000\040\000V\000E\000\040\000\326\000N\000E\000R\001\060\000L\000E\000R}{}% 106
\BOOKMARK [2][-]{subsection.232}{\376\377\0001\0000\000.\0001\000.\000\040\000G\000e\000l\000e\000c\000e\000k\000\040\000\307\000a\000l\001\061\001\137\000m\000a\000l\000a\000r}{section.231}% 107
\BOOKMARK [1][-]{section.233}{\376\377\0001\0001\000.\000\040\000E\000k\000-\0001\000:\000\040\000K\000o\000d\000\040\000G\000\366\000s\000t\000e\000r\000i\000m\000i}{}% 108
\BOOKMARK [2][-]{subsection.234}{\376\377\0001\0001\000.\0001\000.\000\040\000a\000p\000p\000.\000p\000y\000\040\040\023\000\040\000G\000\374\000v\000e\000n\000l\000i\000\040\000A\000P\000I\000\040\000B\000a\001\137\000l\000a\000n\000g\001\061\000\347\000\040\000N\000o\000k\000t\000a\000s\001\061}{section.233}% 109
\BOOKMARK [2][-]{subsection.265}{\376\377\0001\0001\000.\0002\000.\000\040\000m\000o\000d\000e\000l\000s\000.\000p\000y\000\040\040\023\000\040\000K\000u\000l\000l\000a\000n\001\061\000c\001\061\000\040\000M\000o\000d\000e\000l\000i}{section.233}% 110
